[ 2018-06-05T15:53:14+08:00 ] 127.0.0.1 127.0.0.1 GET /x/website/
[ log ] 127.0.0.1/x/website/ [运行时间：0.033846s][吞吐率：29.55req/s] [内存消耗：222.15kb] [文件加载：10]
array (
  0 => 'D:\\wamp64\\www\\x\\website\\index.php',
  1 => 'D:\\wamp64\\www\\x\\website\\core\\Autoload.php',
  2 => 'D:\\wamp64\\www\\x\\website\\core\\Common.php',
  3 => 'D:\\wamp64\\www\\x\\website\\core\\Kite.php',
  4 => 'D:\\wamp64\\www\\x\\website\\core\\Route.php',
  5 => 'D:\\wamp64\\www\\x\\website\\Config.php',
  6 => 'D:\\wamp64\\www\\x\\website\\project\\home\\index.php',
  7 => 'D:\\wamp64\\www\\x\\website\\core\\Template.php',
  8 => 'D:\\wamp64\\www\\x\\website\\runtime\\cache\\6a992d5529f459a44fee58c733255e86.php',
  9 => 'D:\\wamp64\\www\\x\\website\\core\\Log.php',
)

---------------------------------------------------------------
[ 2018-06-05T16:12:37+08:00 ] 127.0.0.1 127.0.0.1 GET /x/website/
[ log ] 127.0.0.1/x/website/ [运行时间：0.030642s][吞吐率：32.63req/s] [内存消耗：223.35kb] [文件加载：10]
array (
  0 => 'D:\\wamp64\\www\\x\\website\\index.php',
  1 => 'D:\\wamp64\\www\\x\\website\\core\\Autoload.php',
  2 => 'D:\\wamp64\\www\\x\\website\\core\\Common.php',
  3 => 'D:\\wamp64\\www\\x\\website\\core\\Kite.php',
  4 => 'D:\\wamp64\\www\\x\\website\\core\\Route.php',
  5 => 'D:\\wamp64\\www\\x\\website\\Config.php',
  6 => 'D:\\wamp64\\www\\x\\website\\project\\home\\index.php',
  7 => 'D:\\wamp64\\www\\x\\website\\core\\Template.php',
  8 => 'D:\\wamp64\\www\\x\\website\\runtime\\cache\\6a992d5529f459a44fee58c733255e86.php',
  9 => 'D:\\wamp64\\www\\x\\website\\core\\Log.php',
)

---------------------------------------------------------------
[ 2018-06-05T16:13:05+08:00 ] 127.0.0.1 127.0.0.1 GET /x/website/
[ log ] 127.0.0.1/x/website/ [运行时间：0.040935s][吞吐率：24.43req/s] [内存消耗：223.37kb] [文件加载：10]
array (
  0 => 'D:\\wamp64\\www\\x\\website\\index.php',
  1 => 'D:\\wamp64\\www\\x\\website\\core\\Autoload.php',
  2 => 'D:\\wamp64\\www\\x\\website\\core\\Common.php',
  3 => 'D:\\wamp64\\www\\x\\website\\core\\Kite.php',
  4 => 'D:\\wamp64\\www\\x\\website\\core\\Route.php',
  5 => 'D:\\wamp64\\www\\x\\website\\Config.php',
  6 => 'D:\\wamp64\\www\\x\\website\\project\\home\\index.php',
  7 => 'D:\\wamp64\\www\\x\\website\\core\\Template.php',
  8 => 'D:\\wamp64\\www\\x\\website\\runtime\\cache\\6a992d5529f459a44fee58c733255e86.php',
  9 => 'D:\\wamp64\\www\\x\\website\\core\\Log.php',
)

---------------------------------------------------------------
