[ 2018-08-24T06:03:53+00:00 ] 127.0.0.1 127.0.0.1 GET /
[ log ] www.k.com/ [运行时间：0.014001s][吞吐率：71.42req/s] [内存消耗：176.73kb] [文件加载：11]
array (
  0 => 'D:\\wamp\\www\\y2\\index.php',
  1 => 'D:\\wamp\\www\\y2\\core\\Autoload.php',
  2 => 'D:\\wamp\\www\\y2\\core\\Common.php',
  3 => 'D:\\wamp\\www\\y2\\core\\Kite.php',
  4 => 'D:\\wamp\\www\\y2\\core\\Route.php',
  5 => 'D:\\wamp\\www\\y2\\Config.php',
  6 => 'D:\\wamp\\www\\y2\\project\\home\\index.php',
  7 => 'D:\\wamp\\www\\y2\\core\\Template.php',
  8 => 'D:\\wamp\\www\\y2\\core\\Db.php',
  9 => 'D:\\wamp\\www\\y2\\core\\Log.php',
  10 => 'D:\\wamp\\www\\y2\\runtime\\cache\\6a992d5529f459a44fee58c733255e86.php',
)
[ sql ] [ EXPLAIN : array (
  'id' => 1,
  'select_type' => 'SIMPLE',
  'table' => NULL,
  'partitions' => NULL,
  'type' => NULL,
  'possible_keys' => NULL,
  'key' => NULL,
  'key_len' => NULL,
  'ref' => NULL,
  'rows' => NULL,
  'filtered' => NULL,
  'extra' => 'no matching row in const table',
) ]

---------------------------------------------------------------
[ 2018-08-24T06:03:53+00:00 ] 127.0.0.1 127.0.0.1 GET /x/favicon.ico
[ log ] www.k.com/x/favicon.ico [运行时间：0.007000s][吞吐率：142.85req/s] [内存消耗：115.69kb] [文件加载：10]
array (
  0 => 'D:\\wamp\\www\\y2\\index.php',
  1 => 'D:\\wamp\\www\\y2\\core\\Autoload.php',
  2 => 'D:\\wamp\\www\\y2\\core\\Common.php',
  3 => 'D:\\wamp\\www\\y2\\core\\Kite.php',
  4 => 'D:\\wamp\\www\\y2\\core\\Route.php',
  5 => 'D:\\wamp\\www\\y2\\Config.php',
  6 => 'D:\\wamp\\www\\y2\\project\\home\\error.php',
  7 => 'D:\\wamp\\www\\y2\\core\\Template.php',
  8 => 'D:\\wamp\\www\\y2\\runtime\\cache\\cb5e100e5a9a3e7f6d1fd97512215282.php',
  9 => 'D:\\wamp\\www\\y2\\core\\Log.php',
)

---------------------------------------------------------------
[ 2018-08-24T06:03:53+00:00 ] 127.0.0.1 127.0.0.1 GET /x/favicon.ico
[ log ] www.k.com/x/favicon.ico [运行时间：0.007000s][吞吐率：142.86req/s] [内存消耗：115.69kb] [文件加载：10]
array (
  0 => 'D:\\wamp\\www\\y2\\index.php',
  1 => 'D:\\wamp\\www\\y2\\core\\Autoload.php',
  2 => 'D:\\wamp\\www\\y2\\core\\Common.php',
  3 => 'D:\\wamp\\www\\y2\\core\\Kite.php',
  4 => 'D:\\wamp\\www\\y2\\core\\Route.php',
  5 => 'D:\\wamp\\www\\y2\\Config.php',
  6 => 'D:\\wamp\\www\\y2\\project\\home\\error.php',
  7 => 'D:\\wamp\\www\\y2\\core\\Template.php',
  8 => 'D:\\wamp\\www\\y2\\runtime\\cache\\cb5e100e5a9a3e7f6d1fd97512215282.php',
  9 => 'D:\\wamp\\www\\y2\\core\\Log.php',
)

---------------------------------------------------------------
[ 2018-08-24T06:07:02+00:00 ] 127.0.0.1 127.0.0.1 GET /
[ log ] www.k.com/ [运行时间：0.037002s][吞吐率：27.03req/s] [内存消耗：177.70kb] [文件加载：11]
array (
  0 => 'D:\\wamp\\www\\y2\\index.php',
  1 => 'D:\\wamp\\www\\y2\\core\\Autoload.php',
  2 => 'D:\\wamp\\www\\y2\\core\\Common.php',
  3 => 'D:\\wamp\\www\\y2\\core\\Kite.php',
  4 => 'D:\\wamp\\www\\y2\\core\\Route.php',
  5 => 'D:\\wamp\\www\\y2\\Config.php',
  6 => 'D:\\wamp\\www\\y2\\project\\home\\index.php',
  7 => 'D:\\wamp\\www\\y2\\core\\Template.php',
  8 => 'D:\\wamp\\www\\y2\\core\\Db.php',
  9 => 'D:\\wamp\\www\\y2\\core\\Log.php',
  10 => 'D:\\wamp\\www\\y2\\runtime\\cache\\6a992d5529f459a44fee58c733255e86.php',
)
[ sql ] [ EXPLAIN : array (
  'id' => 1,
  'select_type' => 'SIMPLE',
  'table' => 'k_article',
  'partitions' => NULL,
  'type' => 'system',
  'possible_keys' => NULL,
  'key' => NULL,
  'key_len' => NULL,
  'ref' => NULL,
  'rows' => 1,
  'filtered' => 100,
  'extra' => NULL,
) ]

---------------------------------------------------------------
[ 2018-08-24T06:07:02+00:00 ] 127.0.0.1 127.0.0.1 GET /x/favicon.ico
[ log ] www.k.com/x/favicon.ico [运行时间：0.012000s][吞吐率：83.33req/s] [内存消耗：115.69kb] [文件加载：10]
array (
  0 => 'D:\\wamp\\www\\y2\\index.php',
  1 => 'D:\\wamp\\www\\y2\\core\\Autoload.php',
  2 => 'D:\\wamp\\www\\y2\\core\\Common.php',
  3 => 'D:\\wamp\\www\\y2\\core\\Kite.php',
  4 => 'D:\\wamp\\www\\y2\\core\\Route.php',
  5 => 'D:\\wamp\\www\\y2\\Config.php',
  6 => 'D:\\wamp\\www\\y2\\project\\home\\error.php',
  7 => 'D:\\wamp\\www\\y2\\core\\Template.php',
  8 => 'D:\\wamp\\www\\y2\\runtime\\cache\\cb5e100e5a9a3e7f6d1fd97512215282.php',
  9 => 'D:\\wamp\\www\\y2\\core\\Log.php',
)

---------------------------------------------------------------
[ 2018-08-24T06:07:02+00:00 ] 127.0.0.1 127.0.0.1 GET /x/favicon.ico
[ log ] www.k.com/x/favicon.ico [运行时间：0.009000s][吞吐率：111.11req/s] [内存消耗：115.69kb] [文件加载：10]
array (
  0 => 'D:\\wamp\\www\\y2\\index.php',
  1 => 'D:\\wamp\\www\\y2\\core\\Autoload.php',
  2 => 'D:\\wamp\\www\\y2\\core\\Common.php',
  3 => 'D:\\wamp\\www\\y2\\core\\Kite.php',
  4 => 'D:\\wamp\\www\\y2\\core\\Route.php',
  5 => 'D:\\wamp\\www\\y2\\Config.php',
  6 => 'D:\\wamp\\www\\y2\\project\\home\\error.php',
  7 => 'D:\\wamp\\www\\y2\\core\\Template.php',
  8 => 'D:\\wamp\\www\\y2\\runtime\\cache\\cb5e100e5a9a3e7f6d1fd97512215282.php',
  9 => 'D:\\wamp\\www\\y2\\core\\Log.php',
)

---------------------------------------------------------------
