[ 2018-07-11T15:16:19+08:00 ] 127.0.0.1 127.0.0.1 GET /x/website/admin
[ log ] 127.0.0.1/x/website/admin [运行时间：0.140494s][吞吐率：7.12req/s] [内存消耗：289.38kb] [文件加载：12]
array (
  0 => 'D:\\wamp64\\www\\x\\website\\index.php',
  1 => 'D:\\wamp64\\www\\x\\website\\core\\Autoload.php',
  2 => 'D:\\wamp64\\www\\x\\website\\core\\Common.php',
  3 => 'D:\\wamp64\\www\\x\\website\\core\\Kite.php',
  4 => 'D:\\wamp64\\www\\x\\website\\core\\Route.php',
  5 => 'D:\\wamp64\\www\\x\\website\\Config.php',
  6 => 'D:\\wamp64\\www\\x\\website\\project\\admin\\index.php',
  7 => 'D:\\wamp64\\www\\x\\website\\project\\admin\\common.php',
  8 => 'D:\\wamp64\\www\\x\\website\\core\\Template.php',
  9 => 'D:\\wamp64\\www\\x\\website\\core\\Db.php',
  10 => 'D:\\wamp64\\www\\x\\website\\core\\Log.php',
  11 => 'D:\\wamp64\\www\\x\\website\\runtime\\cache\\6a992d5529f459a44fee58c733255e86.php',
)
[ sql ] [ EXPLAIN : array (
  'id' => 1,
  'select_type' => 'SIMPLE',
  'table' => 'k_account',
  'partitions' => NULL,
  'type' => 'system',
  'possible_keys' => NULL,
  'key' => NULL,
  'key_len' => NULL,
  'ref' => NULL,
  'rows' => 1,
  'filtered' => 100,
  'extra' => NULL,
) ]

---------------------------------------------------------------
[ 2018-07-11T15:16:38+08:00 ] 127.0.0.1 127.0.0.1 GET /x/website/
[ log ] 127.0.0.1/x/website/ [运行时间：0.037652s][吞吐率：26.56req/s] [内存消耗：227.34kb] [文件加载：10]
array (
  0 => 'D:\\wamp64\\www\\x\\website\\index.php',
  1 => 'D:\\wamp64\\www\\x\\website\\core\\Autoload.php',
  2 => 'D:\\wamp64\\www\\x\\website\\core\\Common.php',
  3 => 'D:\\wamp64\\www\\x\\website\\core\\Kite.php',
  4 => 'D:\\wamp64\\www\\x\\website\\core\\Route.php',
  5 => 'D:\\wamp64\\www\\x\\website\\Config.php',
  6 => 'D:\\wamp64\\www\\x\\website\\project\\home\\index.php',
  7 => 'D:\\wamp64\\www\\x\\website\\core\\Template.php',
  8 => 'D:\\wamp64\\www\\x\\website\\runtime\\cache\\6a992d5529f459a44fee58c733255e86.php',
  9 => 'D:\\wamp64\\www\\x\\website\\core\\Log.php',
)

---------------------------------------------------------------
