[ 2018-07-14T10:09:36+08:00 ] 127.0.0.1 127.0.0.1 GET /x/website/
[ log ] 127.0.0.1/x/website/ [运行时间：0.044195s][吞吐率：22.63req/s] [内存消耗：227.43kb] [文件加载：10]
array (
  0 => 'D:\\wamp64\\www\\x\\website\\index.php',
  1 => 'D:\\wamp64\\www\\x\\website\\core\\Autoload.php',
  2 => 'D:\\wamp64\\www\\x\\website\\core\\Common.php',
  3 => 'D:\\wamp64\\www\\x\\website\\core\\Kite.php',
  4 => 'D:\\wamp64\\www\\x\\website\\core\\Route.php',
  5 => 'D:\\wamp64\\www\\x\\website\\Config.php',
  6 => 'D:\\wamp64\\www\\x\\website\\project\\home\\index.php',
  7 => 'D:\\wamp64\\www\\x\\website\\core\\Template.php',
  8 => 'D:\\wamp64\\www\\x\\website\\runtime\\cache\\6a992d5529f459a44fee58c733255e86.php',
  9 => 'D:\\wamp64\\www\\x\\website\\core\\Log.php',
)

---------------------------------------------------------------
[ 2018-07-14T10:13:48+08:00 ] 127.0.0.1 127.0.0.1 GET /x/website/
[ log ] 127.0.0.1/x/website/ [运行时间：0.043243s][吞吐率：23.13req/s] [内存消耗：227.44kb] [文件加载：10]
array (
  0 => 'D:\\wamp64\\www\\x\\website\\index.php',
  1 => 'D:\\wamp64\\www\\x\\website\\core\\Autoload.php',
  2 => 'D:\\wamp64\\www\\x\\website\\core\\Common.php',
  3 => 'D:\\wamp64\\www\\x\\website\\core\\Kite.php',
  4 => 'D:\\wamp64\\www\\x\\website\\core\\Route.php',
  5 => 'D:\\wamp64\\www\\x\\website\\Config.php',
  6 => 'D:\\wamp64\\www\\x\\website\\project\\home\\index.php',
  7 => 'D:\\wamp64\\www\\x\\website\\core\\Template.php',
  8 => 'D:\\wamp64\\www\\x\\website\\runtime\\cache\\6a992d5529f459a44fee58c733255e86.php',
  9 => 'D:\\wamp64\\www\\x\\website\\core\\Log.php',
)

---------------------------------------------------------------
[ 2018-07-14T10:14:18+08:00 ] 127.0.0.1 127.0.0.1 GET /x/website/admin
[ log ] 127.0.0.1/x/website/admin [运行时间：0.083065s][吞吐率：12.04req/s] [内存消耗：289.41kb] [文件加载：12]
array (
  0 => 'D:\\wamp64\\www\\x\\website\\index.php',
  1 => 'D:\\wamp64\\www\\x\\website\\core\\Autoload.php',
  2 => 'D:\\wamp64\\www\\x\\website\\core\\Common.php',
  3 => 'D:\\wamp64\\www\\x\\website\\core\\Kite.php',
  4 => 'D:\\wamp64\\www\\x\\website\\core\\Route.php',
  5 => 'D:\\wamp64\\www\\x\\website\\Config.php',
  6 => 'D:\\wamp64\\www\\x\\website\\project\\admin\\index.php',
  7 => 'D:\\wamp64\\www\\x\\website\\project\\admin\\common.php',
  8 => 'D:\\wamp64\\www\\x\\website\\core\\Template.php',
  9 => 'D:\\wamp64\\www\\x\\website\\core\\Db.php',
  10 => 'D:\\wamp64\\www\\x\\website\\core\\Log.php',
  11 => 'D:\\wamp64\\www\\x\\website\\runtime\\cache\\6a992d5529f459a44fee58c733255e86.php',
)
[ sql ] [ EXPLAIN : array (
  'id' => 1,
  'select_type' => 'SIMPLE',
  'table' => 'k_account',
  'partitions' => NULL,
  'type' => 'system',
  'possible_keys' => NULL,
  'key' => NULL,
  'key_len' => NULL,
  'ref' => NULL,
  'rows' => 1,
  'filtered' => 100,
  'extra' => NULL,
) ]

---------------------------------------------------------------
[ 2018-07-14T10:14:51+08:00 ] 127.0.0.1 127.0.0.1 GET /x/website/admin
[ log ] 127.0.0.1/x/website/admin [运行时间：0.019584s][吞吐率：51.06req/s] [内存消耗：289.74kb] [文件加载：12]
array (
  0 => 'D:\\wamp64\\www\\x\\website\\index.php',
  1 => 'D:\\wamp64\\www\\x\\website\\core\\Autoload.php',
  2 => 'D:\\wamp64\\www\\x\\website\\core\\Common.php',
  3 => 'D:\\wamp64\\www\\x\\website\\core\\Kite.php',
  4 => 'D:\\wamp64\\www\\x\\website\\core\\Route.php',
  5 => 'D:\\wamp64\\www\\x\\website\\Config.php',
  6 => 'D:\\wamp64\\www\\x\\website\\project\\admin\\index.php',
  7 => 'D:\\wamp64\\www\\x\\website\\project\\admin\\common.php',
  8 => 'D:\\wamp64\\www\\x\\website\\core\\Template.php',
  9 => 'D:\\wamp64\\www\\x\\website\\core\\Db.php',
  10 => 'D:\\wamp64\\www\\x\\website\\core\\Log.php',
  11 => 'D:\\wamp64\\www\\x\\website\\runtime\\cache\\6a992d5529f459a44fee58c733255e86.php',
)
[ sql ] [ EXPLAIN : array (
  'id' => 1,
  'select_type' => 'SIMPLE',
  'table' => 'k_account',
  'partitions' => NULL,
  'type' => 'system',
  'possible_keys' => NULL,
  'key' => NULL,
  'key_len' => NULL,
  'ref' => NULL,
  'rows' => 1,
  'filtered' => 100,
  'extra' => NULL,
) ]

---------------------------------------------------------------
[ 2018-07-14T10:17:33+08:00 ] 127.0.0.1 127.0.0.1 GET /x/website/admin
[ log ] 127.0.0.1/x/website/admin [运行时间：0.107420s][吞吐率：9.31req/s] [内存消耗：290.30kb] [文件加载：12]
array (
  0 => 'D:\\wamp64\\www\\x\\website\\index.php',
  1 => 'D:\\wamp64\\www\\x\\website\\core\\Autoload.php',
  2 => 'D:\\wamp64\\www\\x\\website\\core\\Common.php',
  3 => 'D:\\wamp64\\www\\x\\website\\core\\Kite.php',
  4 => 'D:\\wamp64\\www\\x\\website\\core\\Route.php',
  5 => 'D:\\wamp64\\www\\x\\website\\Config.php',
  6 => 'D:\\wamp64\\www\\x\\website\\project\\admin\\index.php',
  7 => 'D:\\wamp64\\www\\x\\website\\project\\admin\\common.php',
  8 => 'D:\\wamp64\\www\\x\\website\\core\\Template.php',
  9 => 'D:\\wamp64\\www\\x\\website\\core\\Db.php',
  10 => 'D:\\wamp64\\www\\x\\website\\core\\Log.php',
  11 => 'D:\\wamp64\\www\\x\\website\\runtime\\cache\\6a992d5529f459a44fee58c733255e86.php',
)
[ sql ] [ EXPLAIN : array (
  'id' => 1,
  'select_type' => 'SIMPLE',
  'table' => 'k_account',
  'partitions' => NULL,
  'type' => 'system',
  'possible_keys' => NULL,
  'key' => NULL,
  'key_len' => NULL,
  'ref' => NULL,
  'rows' => 1,
  'filtered' => 100,
  'extra' => NULL,
) ]

---------------------------------------------------------------
[ 2018-07-14T10:18:20+08:00 ] 127.0.0.1 127.0.0.1 GET /x/website/admin
[ log ] 127.0.0.1/x/website/admin [运行时间：0.015198s][吞吐率：65.80req/s] [内存消耗：289.82kb] [文件加载：12]
array (
  0 => 'D:\\wamp64\\www\\x\\website\\index.php',
  1 => 'D:\\wamp64\\www\\x\\website\\core\\Autoload.php',
  2 => 'D:\\wamp64\\www\\x\\website\\core\\Common.php',
  3 => 'D:\\wamp64\\www\\x\\website\\core\\Kite.php',
  4 => 'D:\\wamp64\\www\\x\\website\\core\\Route.php',
  5 => 'D:\\wamp64\\www\\x\\website\\Config.php',
  6 => 'D:\\wamp64\\www\\x\\website\\project\\admin\\index.php',
  7 => 'D:\\wamp64\\www\\x\\website\\project\\admin\\common.php',
  8 => 'D:\\wamp64\\www\\x\\website\\core\\Template.php',
  9 => 'D:\\wamp64\\www\\x\\website\\core\\Db.php',
  10 => 'D:\\wamp64\\www\\x\\website\\core\\Log.php',
  11 => 'D:\\wamp64\\www\\x\\website\\runtime\\cache\\6a992d5529f459a44fee58c733255e86.php',
)
[ sql ] [ EXPLAIN : array (
  'id' => 1,
  'select_type' => 'SIMPLE',
  'table' => 'k_account',
  'partitions' => NULL,
  'type' => 'system',
  'possible_keys' => NULL,
  'key' => NULL,
  'key_len' => NULL,
  'ref' => NULL,
  'rows' => 1,
  'filtered' => 100,
  'extra' => NULL,
) ]

---------------------------------------------------------------
[ 2018-07-14T10:18:59+08:00 ] 127.0.0.1 127.0.0.1 GET /x/website/admin
[ log ] 127.0.0.1/x/website/admin [运行时间：0.027943s][吞吐率：35.79req/s] [内存消耗：290.09kb] [文件加载：12]
array (
  0 => 'D:\\wamp64\\www\\x\\website\\index.php',
  1 => 'D:\\wamp64\\www\\x\\website\\core\\Autoload.php',
  2 => 'D:\\wamp64\\www\\x\\website\\core\\Common.php',
  3 => 'D:\\wamp64\\www\\x\\website\\core\\Kite.php',
  4 => 'D:\\wamp64\\www\\x\\website\\core\\Route.php',
  5 => 'D:\\wamp64\\www\\x\\website\\Config.php',
  6 => 'D:\\wamp64\\www\\x\\website\\project\\admin\\index.php',
  7 => 'D:\\wamp64\\www\\x\\website\\project\\admin\\common.php',
  8 => 'D:\\wamp64\\www\\x\\website\\core\\Template.php',
  9 => 'D:\\wamp64\\www\\x\\website\\core\\Db.php',
  10 => 'D:\\wamp64\\www\\x\\website\\core\\Log.php',
  11 => 'D:\\wamp64\\www\\x\\website\\runtime\\cache\\6a992d5529f459a44fee58c733255e86.php',
)
[ sql ] [ EXPLAIN : array (
  'id' => 1,
  'select_type' => 'SIMPLE',
  'table' => 'k_account',
  'partitions' => NULL,
  'type' => 'system',
  'possible_keys' => NULL,
  'key' => NULL,
  'key_len' => NULL,
  'ref' => NULL,
  'rows' => 1,
  'filtered' => 100,
  'extra' => NULL,
) ]

---------------------------------------------------------------
[ 2018-07-14T10:19:29+08:00 ] 127.0.0.1 127.0.0.1 GET /x/website/admin
[ log ] 127.0.0.1/x/website/admin [运行时间：0.018382s][吞吐率：54.40req/s] [内存消耗：292.37kb] [文件加载：12]
array (
  0 => 'D:\\wamp64\\www\\x\\website\\index.php',
  1 => 'D:\\wamp64\\www\\x\\website\\core\\Autoload.php',
  2 => 'D:\\wamp64\\www\\x\\website\\core\\Common.php',
  3 => 'D:\\wamp64\\www\\x\\website\\core\\Kite.php',
  4 => 'D:\\wamp64\\www\\x\\website\\core\\Route.php',
  5 => 'D:\\wamp64\\www\\x\\website\\Config.php',
  6 => 'D:\\wamp64\\www\\x\\website\\project\\admin\\index.php',
  7 => 'D:\\wamp64\\www\\x\\website\\project\\admin\\common.php',
  8 => 'D:\\wamp64\\www\\x\\website\\core\\Template.php',
  9 => 'D:\\wamp64\\www\\x\\website\\core\\Db.php',
  10 => 'D:\\wamp64\\www\\x\\website\\core\\Log.php',
  11 => 'D:\\wamp64\\www\\x\\website\\runtime\\cache\\6a992d5529f459a44fee58c733255e86.php',
)
[ sql ] [ EXPLAIN : array (
  'id' => 1,
  'select_type' => 'SIMPLE',
  'table' => 'k_account',
  'partitions' => NULL,
  'type' => 'system',
  'possible_keys' => NULL,
  'key' => NULL,
  'key_len' => NULL,
  'ref' => NULL,
  'rows' => 1,
  'filtered' => 100,
  'extra' => NULL,
) ]

---------------------------------------------------------------
[ 2018-07-14T10:23:45+08:00 ] 127.0.0.1 127.0.0.1 GET /x/website/admin
[ log ] 127.0.0.1/x/website/admin [运行时间：0.032014s][吞吐率：31.24req/s] [内存消耗：289.38kb] [文件加载：12]
array (
  0 => 'D:\\wamp64\\www\\x\\website\\index.php',
  1 => 'D:\\wamp64\\www\\x\\website\\core\\Autoload.php',
  2 => 'D:\\wamp64\\www\\x\\website\\core\\Common.php',
  3 => 'D:\\wamp64\\www\\x\\website\\core\\Kite.php',
  4 => 'D:\\wamp64\\www\\x\\website\\core\\Route.php',
  5 => 'D:\\wamp64\\www\\x\\website\\Config.php',
  6 => 'D:\\wamp64\\www\\x\\website\\project\\admin\\index.php',
  7 => 'D:\\wamp64\\www\\x\\website\\project\\admin\\common.php',
  8 => 'D:\\wamp64\\www\\x\\website\\core\\Template.php',
  9 => 'D:\\wamp64\\www\\x\\website\\core\\Db.php',
  10 => 'D:\\wamp64\\www\\x\\website\\core\\Log.php',
  11 => 'D:\\wamp64\\www\\x\\website\\runtime\\cache\\6a992d5529f459a44fee58c733255e86.php',
)
[ sql ] [ EXPLAIN : array (
  'id' => 1,
  'select_type' => 'SIMPLE',
  'table' => 'k_account',
  'partitions' => NULL,
  'type' => 'system',
  'possible_keys' => NULL,
  'key' => NULL,
  'key_len' => NULL,
  'ref' => NULL,
  'rows' => 1,
  'filtered' => 100,
  'extra' => NULL,
) ]

---------------------------------------------------------------
[ 2018-07-14T10:23:47+08:00 ] 127.0.0.1 127.0.0.1 GET /x/website/
[ log ] 127.0.0.1/x/website/ [运行时间：0.021132s][吞吐率：47.32req/s] [内存消耗：227.33kb] [文件加载：10]
array (
  0 => 'D:\\wamp64\\www\\x\\website\\index.php',
  1 => 'D:\\wamp64\\www\\x\\website\\core\\Autoload.php',
  2 => 'D:\\wamp64\\www\\x\\website\\core\\Common.php',
  3 => 'D:\\wamp64\\www\\x\\website\\core\\Kite.php',
  4 => 'D:\\wamp64\\www\\x\\website\\core\\Route.php',
  5 => 'D:\\wamp64\\www\\x\\website\\Config.php',
  6 => 'D:\\wamp64\\www\\x\\website\\project\\home\\index.php',
  7 => 'D:\\wamp64\\www\\x\\website\\core\\Template.php',
  8 => 'D:\\wamp64\\www\\x\\website\\runtime\\cache\\6a992d5529f459a44fee58c733255e86.php',
  9 => 'D:\\wamp64\\www\\x\\website\\core\\Log.php',
)

---------------------------------------------------------------
[ 2018-07-14T10:24:05+08:00 ] 127.0.0.1 127.0.0.1 GET /x/website/article/11111
[ log ] 127.0.0.1/x/website/article/11111 [运行时间：0.014578s][吞吐率：68.60req/s] [内存消耗：181.54kb] [文件加载：10]
array (
  0 => 'D:\\wamp64\\www\\x\\website\\index.php',
  1 => 'D:\\wamp64\\www\\x\\website\\core\\Autoload.php',
  2 => 'D:\\wamp64\\www\\x\\website\\core\\Common.php',
  3 => 'D:\\wamp64\\www\\x\\website\\core\\Kite.php',
  4 => 'D:\\wamp64\\www\\x\\website\\core\\Route.php',
  5 => 'D:\\wamp64\\www\\x\\website\\Config.php',
  6 => 'D:\\wamp64\\www\\x\\website\\project\\home\\error.php',
  7 => 'D:\\wamp64\\www\\x\\website\\core\\Template.php',
  8 => 'D:\\wamp64\\www\\x\\website\\runtime\\cache\\cb5e100e5a9a3e7f6d1fd97512215282.php',
  9 => 'D:\\wamp64\\www\\x\\website\\core\\Log.php',
)

---------------------------------------------------------------
[ 2018-07-14T10:25:47+08:00 ] 127.0.0.1 127.0.0.1 GET /x/website/admin
[ log ] 127.0.0.1/x/website/admin [运行时间：0.012723s][吞吐率：78.60req/s] [内存消耗：289.41kb] [文件加载：12]
array (
  0 => 'D:\\wamp64\\www\\x\\website\\index.php',
  1 => 'D:\\wamp64\\www\\x\\website\\core\\Autoload.php',
  2 => 'D:\\wamp64\\www\\x\\website\\core\\Common.php',
  3 => 'D:\\wamp64\\www\\x\\website\\core\\Kite.php',
  4 => 'D:\\wamp64\\www\\x\\website\\core\\Route.php',
  5 => 'D:\\wamp64\\www\\x\\website\\Config.php',
  6 => 'D:\\wamp64\\www\\x\\website\\project\\admin\\index.php',
  7 => 'D:\\wamp64\\www\\x\\website\\project\\admin\\common.php',
  8 => 'D:\\wamp64\\www\\x\\website\\core\\Template.php',
  9 => 'D:\\wamp64\\www\\x\\website\\core\\Db.php',
  10 => 'D:\\wamp64\\www\\x\\website\\core\\Log.php',
  11 => 'D:\\wamp64\\www\\x\\website\\runtime\\cache\\6a992d5529f459a44fee58c733255e86.php',
)
[ sql ] [ EXPLAIN : array (
  'id' => 1,
  'select_type' => 'SIMPLE',
  'table' => 'k_account',
  'partitions' => NULL,
  'type' => 'system',
  'possible_keys' => NULL,
  'key' => NULL,
  'key_len' => NULL,
  'ref' => NULL,
  'rows' => 1,
  'filtered' => 100,
  'extra' => NULL,
) ]

---------------------------------------------------------------
[ 2018-07-14T10:54:51+08:00 ] 127.0.0.1 127.0.0.1 GET /x/website/admin
[ log ] 127.0.0.1/x/website/admin [运行时间：0.047711s][吞吐率：20.96req/s] [内存消耗：289.38kb] [文件加载：12]
array (
  0 => 'D:\\wamp64\\www\\x\\website\\index.php',
  1 => 'D:\\wamp64\\www\\x\\website\\core\\Autoload.php',
  2 => 'D:\\wamp64\\www\\x\\website\\core\\Common.php',
  3 => 'D:\\wamp64\\www\\x\\website\\core\\Kite.php',
  4 => 'D:\\wamp64\\www\\x\\website\\core\\Route.php',
  5 => 'D:\\wamp64\\www\\x\\website\\Config.php',
  6 => 'D:\\wamp64\\www\\x\\website\\project\\admin\\index.php',
  7 => 'D:\\wamp64\\www\\x\\website\\project\\admin\\common.php',
  8 => 'D:\\wamp64\\www\\x\\website\\core\\Template.php',
  9 => 'D:\\wamp64\\www\\x\\website\\core\\Db.php',
  10 => 'D:\\wamp64\\www\\x\\website\\core\\Log.php',
  11 => 'D:\\wamp64\\www\\x\\website\\runtime\\cache\\6a992d5529f459a44fee58c733255e86.php',
)
[ sql ] [ EXPLAIN : array (
  'id' => 1,
  'select_type' => 'SIMPLE',
  'table' => 'k_account',
  'partitions' => NULL,
  'type' => 'system',
  'possible_keys' => NULL,
  'key' => NULL,
  'key_len' => NULL,
  'ref' => NULL,
  'rows' => 1,
  'filtered' => 100,
  'extra' => NULL,
) ]

---------------------------------------------------------------
[ 2018-07-14T10:55:23+08:00 ] 127.0.0.1 127.0.0.1 GET /x/website/admin
[ log ] 127.0.0.1/x/website/admin [运行时间：0.026532s][吞吐率：37.69req/s] [内存消耗：289.45kb] [文件加载：12]
array (
  0 => 'D:\\wamp64\\www\\x\\website\\index.php',
  1 => 'D:\\wamp64\\www\\x\\website\\core\\Autoload.php',
  2 => 'D:\\wamp64\\www\\x\\website\\core\\Common.php',
  3 => 'D:\\wamp64\\www\\x\\website\\core\\Kite.php',
  4 => 'D:\\wamp64\\www\\x\\website\\core\\Route.php',
  5 => 'D:\\wamp64\\www\\x\\website\\Config.php',
  6 => 'D:\\wamp64\\www\\x\\website\\project\\admin\\index.php',
  7 => 'D:\\wamp64\\www\\x\\website\\project\\admin\\common.php',
  8 => 'D:\\wamp64\\www\\x\\website\\core\\Template.php',
  9 => 'D:\\wamp64\\www\\x\\website\\core\\Db.php',
  10 => 'D:\\wamp64\\www\\x\\website\\core\\Log.php',
  11 => 'D:\\wamp64\\www\\x\\website\\runtime\\cache\\6a992d5529f459a44fee58c733255e86.php',
)
[ sql ] [ EXPLAIN : array (
  'id' => 1,
  'select_type' => 'SIMPLE',
  'table' => 'k_account',
  'partitions' => NULL,
  'type' => 'system',
  'possible_keys' => NULL,
  'key' => NULL,
  'key_len' => NULL,
  'ref' => NULL,
  'rows' => 1,
  'filtered' => 100,
  'extra' => NULL,
) ]

---------------------------------------------------------------
[ 2018-07-14T10:56:06+08:00 ] 127.0.0.1 127.0.0.1 GET /x/website/admin
[ log ] 127.0.0.1/x/website/admin [运行时间：0.013752s][吞吐率：72.72req/s] [内存消耗：289.38kb] [文件加载：12]
array (
  0 => 'D:\\wamp64\\www\\x\\website\\index.php',
  1 => 'D:\\wamp64\\www\\x\\website\\core\\Autoload.php',
  2 => 'D:\\wamp64\\www\\x\\website\\core\\Common.php',
  3 => 'D:\\wamp64\\www\\x\\website\\core\\Kite.php',
  4 => 'D:\\wamp64\\www\\x\\website\\core\\Route.php',
  5 => 'D:\\wamp64\\www\\x\\website\\Config.php',
  6 => 'D:\\wamp64\\www\\x\\website\\project\\admin\\index.php',
  7 => 'D:\\wamp64\\www\\x\\website\\project\\admin\\common.php',
  8 => 'D:\\wamp64\\www\\x\\website\\core\\Template.php',
  9 => 'D:\\wamp64\\www\\x\\website\\core\\Db.php',
  10 => 'D:\\wamp64\\www\\x\\website\\core\\Log.php',
  11 => 'D:\\wamp64\\www\\x\\website\\runtime\\cache\\6a992d5529f459a44fee58c733255e86.php',
)
[ sql ] [ EXPLAIN : array (
  'id' => 1,
  'select_type' => 'SIMPLE',
  'table' => 'k_account',
  'partitions' => NULL,
  'type' => 'system',
  'possible_keys' => NULL,
  'key' => NULL,
  'key_len' => NULL,
  'ref' => NULL,
  'rows' => 1,
  'filtered' => 100,
  'extra' => NULL,
) ]

---------------------------------------------------------------
[ 2018-07-14T10:56:33+08:00 ] 127.0.0.1 127.0.0.1 GET /x/website/admin
[ log ] 127.0.0.1/x/website/admin [运行时间：0.024510s][吞吐率：40.80req/s] [内存消耗：289.38kb] [文件加载：12]
array (
  0 => 'D:\\wamp64\\www\\x\\website\\index.php',
  1 => 'D:\\wamp64\\www\\x\\website\\core\\Autoload.php',
  2 => 'D:\\wamp64\\www\\x\\website\\core\\Common.php',
  3 => 'D:\\wamp64\\www\\x\\website\\core\\Kite.php',
  4 => 'D:\\wamp64\\www\\x\\website\\core\\Route.php',
  5 => 'D:\\wamp64\\www\\x\\website\\Config.php',
  6 => 'D:\\wamp64\\www\\x\\website\\project\\admin\\index.php',
  7 => 'D:\\wamp64\\www\\x\\website\\project\\admin\\common.php',
  8 => 'D:\\wamp64\\www\\x\\website\\core\\Template.php',
  9 => 'D:\\wamp64\\www\\x\\website\\core\\Db.php',
  10 => 'D:\\wamp64\\www\\x\\website\\core\\Log.php',
  11 => 'D:\\wamp64\\www\\x\\website\\runtime\\cache\\6a992d5529f459a44fee58c733255e86.php',
)
[ sql ] [ EXPLAIN : array (
  'id' => 1,
  'select_type' => 'SIMPLE',
  'table' => 'k_account',
  'partitions' => NULL,
  'type' => 'system',
  'possible_keys' => NULL,
  'key' => NULL,
  'key_len' => NULL,
  'ref' => NULL,
  'rows' => 1,
  'filtered' => 100,
  'extra' => NULL,
) ]

---------------------------------------------------------------
[ 2018-07-14T10:56:59+08:00 ] 127.0.0.1 127.0.0.1 GET /x/website/admin
[ log ] 127.0.0.1/x/website/admin [运行时间：0.016990s][吞吐率：58.86req/s] [内存消耗：289.41kb] [文件加载：12]
array (
  0 => 'D:\\wamp64\\www\\x\\website\\index.php',
  1 => 'D:\\wamp64\\www\\x\\website\\core\\Autoload.php',
  2 => 'D:\\wamp64\\www\\x\\website\\core\\Common.php',
  3 => 'D:\\wamp64\\www\\x\\website\\core\\Kite.php',
  4 => 'D:\\wamp64\\www\\x\\website\\core\\Route.php',
  5 => 'D:\\wamp64\\www\\x\\website\\Config.php',
  6 => 'D:\\wamp64\\www\\x\\website\\project\\admin\\index.php',
  7 => 'D:\\wamp64\\www\\x\\website\\project\\admin\\common.php',
  8 => 'D:\\wamp64\\www\\x\\website\\core\\Template.php',
  9 => 'D:\\wamp64\\www\\x\\website\\core\\Db.php',
  10 => 'D:\\wamp64\\www\\x\\website\\core\\Log.php',
  11 => 'D:\\wamp64\\www\\x\\website\\runtime\\cache\\6a992d5529f459a44fee58c733255e86.php',
)
[ sql ] [ EXPLAIN : array (
  'id' => 1,
  'select_type' => 'SIMPLE',
  'table' => 'k_account',
  'partitions' => NULL,
  'type' => 'system',
  'possible_keys' => NULL,
  'key' => NULL,
  'key_len' => NULL,
  'ref' => NULL,
  'rows' => 1,
  'filtered' => 100,
  'extra' => NULL,
) ]

---------------------------------------------------------------
[ 2018-07-14T10:57:36+08:00 ] 127.0.0.1 127.0.0.1 GET /x/website/admin
[ log ] 127.0.0.1/x/website/admin [运行时间：0.026631s][吞吐率：37.55req/s] [内存消耗：289.45kb] [文件加载：12]
array (
  0 => 'D:\\wamp64\\www\\x\\website\\index.php',
  1 => 'D:\\wamp64\\www\\x\\website\\core\\Autoload.php',
  2 => 'D:\\wamp64\\www\\x\\website\\core\\Common.php',
  3 => 'D:\\wamp64\\www\\x\\website\\core\\Kite.php',
  4 => 'D:\\wamp64\\www\\x\\website\\core\\Route.php',
  5 => 'D:\\wamp64\\www\\x\\website\\Config.php',
  6 => 'D:\\wamp64\\www\\x\\website\\project\\admin\\index.php',
  7 => 'D:\\wamp64\\www\\x\\website\\project\\admin\\common.php',
  8 => 'D:\\wamp64\\www\\x\\website\\core\\Template.php',
  9 => 'D:\\wamp64\\www\\x\\website\\core\\Db.php',
  10 => 'D:\\wamp64\\www\\x\\website\\core\\Log.php',
  11 => 'D:\\wamp64\\www\\x\\website\\runtime\\cache\\6a992d5529f459a44fee58c733255e86.php',
)
[ sql ] [ EXPLAIN : array (
  'id' => 1,
  'select_type' => 'SIMPLE',
  'table' => 'k_account',
  'partitions' => NULL,
  'type' => 'system',
  'possible_keys' => NULL,
  'key' => NULL,
  'key_len' => NULL,
  'ref' => NULL,
  'rows' => 1,
  'filtered' => 100,
  'extra' => NULL,
) ]

---------------------------------------------------------------
[ 2018-07-14T10:58:22+08:00 ] 127.0.0.1 127.0.0.1 GET /x/website/admin
[ log ] 127.0.0.1/x/website/admin [运行时间：0.014702s][吞吐率：68.02req/s] [内存消耗：289.46kb] [文件加载：12]
array (
  0 => 'D:\\wamp64\\www\\x\\website\\index.php',
  1 => 'D:\\wamp64\\www\\x\\website\\core\\Autoload.php',
  2 => 'D:\\wamp64\\www\\x\\website\\core\\Common.php',
  3 => 'D:\\wamp64\\www\\x\\website\\core\\Kite.php',
  4 => 'D:\\wamp64\\www\\x\\website\\core\\Route.php',
  5 => 'D:\\wamp64\\www\\x\\website\\Config.php',
  6 => 'D:\\wamp64\\www\\x\\website\\project\\admin\\index.php',
  7 => 'D:\\wamp64\\www\\x\\website\\project\\admin\\common.php',
  8 => 'D:\\wamp64\\www\\x\\website\\core\\Template.php',
  9 => 'D:\\wamp64\\www\\x\\website\\core\\Db.php',
  10 => 'D:\\wamp64\\www\\x\\website\\core\\Log.php',
  11 => 'D:\\wamp64\\www\\x\\website\\runtime\\cache\\6a992d5529f459a44fee58c733255e86.php',
)
[ sql ] [ EXPLAIN : array (
  'id' => 1,
  'select_type' => 'SIMPLE',
  'table' => 'k_account',
  'partitions' => NULL,
  'type' => 'system',
  'possible_keys' => NULL,
  'key' => NULL,
  'key_len' => NULL,
  'ref' => NULL,
  'rows' => 1,
  'filtered' => 100,
  'extra' => NULL,
) ]

---------------------------------------------------------------
[ 2018-07-14T10:59:24+08:00 ] 127.0.0.1 127.0.0.1 GET /x/website/admin
[ log ] 127.0.0.1/x/website/admin [运行时间：0.031117s][吞吐率：32.14req/s] [内存消耗：289.48kb] [文件加载：12]
array (
  0 => 'D:\\wamp64\\www\\x\\website\\index.php',
  1 => 'D:\\wamp64\\www\\x\\website\\core\\Autoload.php',
  2 => 'D:\\wamp64\\www\\x\\website\\core\\Common.php',
  3 => 'D:\\wamp64\\www\\x\\website\\core\\Kite.php',
  4 => 'D:\\wamp64\\www\\x\\website\\core\\Route.php',
  5 => 'D:\\wamp64\\www\\x\\website\\Config.php',
  6 => 'D:\\wamp64\\www\\x\\website\\project\\admin\\index.php',
  7 => 'D:\\wamp64\\www\\x\\website\\project\\admin\\common.php',
  8 => 'D:\\wamp64\\www\\x\\website\\core\\Template.php',
  9 => 'D:\\wamp64\\www\\x\\website\\core\\Db.php',
  10 => 'D:\\wamp64\\www\\x\\website\\core\\Log.php',
  11 => 'D:\\wamp64\\www\\x\\website\\runtime\\cache\\6a992d5529f459a44fee58c733255e86.php',
)
[ sql ] [ EXPLAIN : array (
  'id' => 1,
  'select_type' => 'SIMPLE',
  'table' => 'k_account',
  'partitions' => NULL,
  'type' => 'system',
  'possible_keys' => NULL,
  'key' => NULL,
  'key_len' => NULL,
  'ref' => NULL,
  'rows' => 1,
  'filtered' => 100,
  'extra' => NULL,
) ]

---------------------------------------------------------------
[ 2018-07-14T11:00:48+08:00 ] 127.0.0.1 127.0.0.1 GET /x/website/admin
[ log ] 127.0.0.1/x/website/admin [运行时间：0.022784s][吞吐率：43.89req/s] [内存消耗：289.48kb] [文件加载：12]
array (
  0 => 'D:\\wamp64\\www\\x\\website\\index.php',
  1 => 'D:\\wamp64\\www\\x\\website\\core\\Autoload.php',
  2 => 'D:\\wamp64\\www\\x\\website\\core\\Common.php',
  3 => 'D:\\wamp64\\www\\x\\website\\core\\Kite.php',
  4 => 'D:\\wamp64\\www\\x\\website\\core\\Route.php',
  5 => 'D:\\wamp64\\www\\x\\website\\Config.php',
  6 => 'D:\\wamp64\\www\\x\\website\\project\\admin\\index.php',
  7 => 'D:\\wamp64\\www\\x\\website\\project\\admin\\common.php',
  8 => 'D:\\wamp64\\www\\x\\website\\core\\Template.php',
  9 => 'D:\\wamp64\\www\\x\\website\\core\\Db.php',
  10 => 'D:\\wamp64\\www\\x\\website\\core\\Log.php',
  11 => 'D:\\wamp64\\www\\x\\website\\runtime\\cache\\6a992d5529f459a44fee58c733255e86.php',
)
[ sql ] [ EXPLAIN : array (
  'id' => 1,
  'select_type' => 'SIMPLE',
  'table' => 'k_account',
  'partitions' => NULL,
  'type' => 'system',
  'possible_keys' => NULL,
  'key' => NULL,
  'key_len' => NULL,
  'ref' => NULL,
  'rows' => 1,
  'filtered' => 100,
  'extra' => NULL,
) ]

---------------------------------------------------------------
[ 2018-07-14T11:01:22+08:00 ] 127.0.0.1 127.0.0.1 GET /x/website/admin
[ log ] 127.0.0.1/x/website/admin [运行时间：0.023092s][吞吐率：43.30req/s] [内存消耗：289.48kb] [文件加载：12]
array (
  0 => 'D:\\wamp64\\www\\x\\website\\index.php',
  1 => 'D:\\wamp64\\www\\x\\website\\core\\Autoload.php',
  2 => 'D:\\wamp64\\www\\x\\website\\core\\Common.php',
  3 => 'D:\\wamp64\\www\\x\\website\\core\\Kite.php',
  4 => 'D:\\wamp64\\www\\x\\website\\core\\Route.php',
  5 => 'D:\\wamp64\\www\\x\\website\\Config.php',
  6 => 'D:\\wamp64\\www\\x\\website\\project\\admin\\index.php',
  7 => 'D:\\wamp64\\www\\x\\website\\project\\admin\\common.php',
  8 => 'D:\\wamp64\\www\\x\\website\\core\\Template.php',
  9 => 'D:\\wamp64\\www\\x\\website\\core\\Db.php',
  10 => 'D:\\wamp64\\www\\x\\website\\core\\Log.php',
  11 => 'D:\\wamp64\\www\\x\\website\\runtime\\cache\\6a992d5529f459a44fee58c733255e86.php',
)
[ sql ] [ EXPLAIN : array (
  'id' => 1,
  'select_type' => 'SIMPLE',
  'table' => 'k_account',
  'partitions' => NULL,
  'type' => 'system',
  'possible_keys' => NULL,
  'key' => NULL,
  'key_len' => NULL,
  'ref' => NULL,
  'rows' => 1,
  'filtered' => 100,
  'extra' => NULL,
) ]

---------------------------------------------------------------
[ 2018-07-14T11:02:37+08:00 ] 127.0.0.1 127.0.0.1 GET /x/website/admin
[ log ] 127.0.0.1/x/website/admin [运行时间：0.018544s][吞吐率：53.93req/s] [内存消耗：289.48kb] [文件加载：12]
array (
  0 => 'D:\\wamp64\\www\\x\\website\\index.php',
  1 => 'D:\\wamp64\\www\\x\\website\\core\\Autoload.php',
  2 => 'D:\\wamp64\\www\\x\\website\\core\\Common.php',
  3 => 'D:\\wamp64\\www\\x\\website\\core\\Kite.php',
  4 => 'D:\\wamp64\\www\\x\\website\\core\\Route.php',
  5 => 'D:\\wamp64\\www\\x\\website\\Config.php',
  6 => 'D:\\wamp64\\www\\x\\website\\project\\admin\\index.php',
  7 => 'D:\\wamp64\\www\\x\\website\\project\\admin\\common.php',
  8 => 'D:\\wamp64\\www\\x\\website\\core\\Template.php',
  9 => 'D:\\wamp64\\www\\x\\website\\core\\Db.php',
  10 => 'D:\\wamp64\\www\\x\\website\\core\\Log.php',
  11 => 'D:\\wamp64\\www\\x\\website\\runtime\\cache\\6a992d5529f459a44fee58c733255e86.php',
)
[ sql ] [ EXPLAIN : array (
  'id' => 1,
  'select_type' => 'SIMPLE',
  'table' => 'k_account',
  'partitions' => NULL,
  'type' => 'system',
  'possible_keys' => NULL,
  'key' => NULL,
  'key_len' => NULL,
  'ref' => NULL,
  'rows' => 1,
  'filtered' => 100,
  'extra' => NULL,
) ]

---------------------------------------------------------------
[ 2018-07-14T11:03:03+08:00 ] 127.0.0.1 127.0.0.1 GET /x/website/admin
[ log ] 127.0.0.1/x/website/admin [运行时间：0.019075s][吞吐率：52.42req/s] [内存消耗：289.48kb] [文件加载：12]
array (
  0 => 'D:\\wamp64\\www\\x\\website\\index.php',
  1 => 'D:\\wamp64\\www\\x\\website\\core\\Autoload.php',
  2 => 'D:\\wamp64\\www\\x\\website\\core\\Common.php',
  3 => 'D:\\wamp64\\www\\x\\website\\core\\Kite.php',
  4 => 'D:\\wamp64\\www\\x\\website\\core\\Route.php',
  5 => 'D:\\wamp64\\www\\x\\website\\Config.php',
  6 => 'D:\\wamp64\\www\\x\\website\\project\\admin\\index.php',
  7 => 'D:\\wamp64\\www\\x\\website\\project\\admin\\common.php',
  8 => 'D:\\wamp64\\www\\x\\website\\core\\Template.php',
  9 => 'D:\\wamp64\\www\\x\\website\\core\\Db.php',
  10 => 'D:\\wamp64\\www\\x\\website\\core\\Log.php',
  11 => 'D:\\wamp64\\www\\x\\website\\runtime\\cache\\6a992d5529f459a44fee58c733255e86.php',
)
[ sql ] [ EXPLAIN : array (
  'id' => 1,
  'select_type' => 'SIMPLE',
  'table' => 'k_account',
  'partitions' => NULL,
  'type' => 'system',
  'possible_keys' => NULL,
  'key' => NULL,
  'key_len' => NULL,
  'ref' => NULL,
  'rows' => 1,
  'filtered' => 100,
  'extra' => NULL,
) ]

---------------------------------------------------------------
[ 2018-07-14T11:07:59+08:00 ] 127.0.0.1 127.0.0.1 GET /x/website/admin
[ log ] 127.0.0.1/x/website/admin [运行时间：0.025677s][吞吐率：38.95req/s] [内存消耗：289.48kb] [文件加载：12]
array (
  0 => 'D:\\wamp64\\www\\x\\website\\index.php',
  1 => 'D:\\wamp64\\www\\x\\website\\core\\Autoload.php',
  2 => 'D:\\wamp64\\www\\x\\website\\core\\Common.php',
  3 => 'D:\\wamp64\\www\\x\\website\\core\\Kite.php',
  4 => 'D:\\wamp64\\www\\x\\website\\core\\Route.php',
  5 => 'D:\\wamp64\\www\\x\\website\\Config.php',
  6 => 'D:\\wamp64\\www\\x\\website\\project\\admin\\index.php',
  7 => 'D:\\wamp64\\www\\x\\website\\project\\admin\\common.php',
  8 => 'D:\\wamp64\\www\\x\\website\\core\\Template.php',
  9 => 'D:\\wamp64\\www\\x\\website\\core\\Db.php',
  10 => 'D:\\wamp64\\www\\x\\website\\core\\Log.php',
  11 => 'D:\\wamp64\\www\\x\\website\\runtime\\cache\\6a992d5529f459a44fee58c733255e86.php',
)
[ sql ] [ EXPLAIN : array (
  'id' => 1,
  'select_type' => 'SIMPLE',
  'table' => 'k_account',
  'partitions' => NULL,
  'type' => 'system',
  'possible_keys' => NULL,
  'key' => NULL,
  'key_len' => NULL,
  'ref' => NULL,
  'rows' => 1,
  'filtered' => 100,
  'extra' => NULL,
) ]

---------------------------------------------------------------
[ 2018-07-14T11:09:19+08:00 ] 127.0.0.1 127.0.0.1 GET /x/website/admin
[ log ] 127.0.0.1/x/website/admin [运行时间：0.031933s][吞吐率：31.32req/s] [内存消耗：289.48kb] [文件加载：12]
array (
  0 => 'D:\\wamp64\\www\\x\\website\\index.php',
  1 => 'D:\\wamp64\\www\\x\\website\\core\\Autoload.php',
  2 => 'D:\\wamp64\\www\\x\\website\\core\\Common.php',
  3 => 'D:\\wamp64\\www\\x\\website\\core\\Kite.php',
  4 => 'D:\\wamp64\\www\\x\\website\\core\\Route.php',
  5 => 'D:\\wamp64\\www\\x\\website\\Config.php',
  6 => 'D:\\wamp64\\www\\x\\website\\project\\admin\\index.php',
  7 => 'D:\\wamp64\\www\\x\\website\\project\\admin\\common.php',
  8 => 'D:\\wamp64\\www\\x\\website\\core\\Template.php',
  9 => 'D:\\wamp64\\www\\x\\website\\core\\Db.php',
  10 => 'D:\\wamp64\\www\\x\\website\\core\\Log.php',
  11 => 'D:\\wamp64\\www\\x\\website\\runtime\\cache\\6a992d5529f459a44fee58c733255e86.php',
)
[ sql ] [ EXPLAIN : array (
  'id' => 1,
  'select_type' => 'SIMPLE',
  'table' => 'k_account',
  'partitions' => NULL,
  'type' => 'system',
  'possible_keys' => NULL,
  'key' => NULL,
  'key_len' => NULL,
  'ref' => NULL,
  'rows' => 1,
  'filtered' => 100,
  'extra' => NULL,
) ]

---------------------------------------------------------------
[ 2018-07-14T11:13:48+08:00 ] 127.0.0.1 127.0.0.1 GET /x/website/admin
[ log ] 127.0.0.1/x/website/admin [运行时间：0.026858s][吞吐率：37.23req/s] [内存消耗：289.48kb] [文件加载：12]
array (
  0 => 'D:\\wamp64\\www\\x\\website\\index.php',
  1 => 'D:\\wamp64\\www\\x\\website\\core\\Autoload.php',
  2 => 'D:\\wamp64\\www\\x\\website\\core\\Common.php',
  3 => 'D:\\wamp64\\www\\x\\website\\core\\Kite.php',
  4 => 'D:\\wamp64\\www\\x\\website\\core\\Route.php',
  5 => 'D:\\wamp64\\www\\x\\website\\Config.php',
  6 => 'D:\\wamp64\\www\\x\\website\\project\\admin\\index.php',
  7 => 'D:\\wamp64\\www\\x\\website\\project\\admin\\common.php',
  8 => 'D:\\wamp64\\www\\x\\website\\core\\Template.php',
  9 => 'D:\\wamp64\\www\\x\\website\\core\\Db.php',
  10 => 'D:\\wamp64\\www\\x\\website\\core\\Log.php',
  11 => 'D:\\wamp64\\www\\x\\website\\runtime\\cache\\6a992d5529f459a44fee58c733255e86.php',
)
[ sql ] [ EXPLAIN : array (
  'id' => 1,
  'select_type' => 'SIMPLE',
  'table' => 'k_account',
  'partitions' => NULL,
  'type' => 'system',
  'possible_keys' => NULL,
  'key' => NULL,
  'key_len' => NULL,
  'ref' => NULL,
  'rows' => 1,
  'filtered' => 100,
  'extra' => NULL,
) ]

---------------------------------------------------------------
[ 2018-07-14T11:15:14+08:00 ] 127.0.0.1 127.0.0.1 GET /x/website/admin
[ log ] 127.0.0.1/x/website/admin [运行时间：0.031300s][吞吐率：31.95req/s] [内存消耗：289.48kb] [文件加载：12]
array (
  0 => 'D:\\wamp64\\www\\x\\website\\index.php',
  1 => 'D:\\wamp64\\www\\x\\website\\core\\Autoload.php',
  2 => 'D:\\wamp64\\www\\x\\website\\core\\Common.php',
  3 => 'D:\\wamp64\\www\\x\\website\\core\\Kite.php',
  4 => 'D:\\wamp64\\www\\x\\website\\core\\Route.php',
  5 => 'D:\\wamp64\\www\\x\\website\\Config.php',
  6 => 'D:\\wamp64\\www\\x\\website\\project\\admin\\index.php',
  7 => 'D:\\wamp64\\www\\x\\website\\project\\admin\\common.php',
  8 => 'D:\\wamp64\\www\\x\\website\\core\\Template.php',
  9 => 'D:\\wamp64\\www\\x\\website\\core\\Db.php',
  10 => 'D:\\wamp64\\www\\x\\website\\core\\Log.php',
  11 => 'D:\\wamp64\\www\\x\\website\\runtime\\cache\\6a992d5529f459a44fee58c733255e86.php',
)
[ sql ] [ EXPLAIN : array (
  'id' => 1,
  'select_type' => 'SIMPLE',
  'table' => 'k_account',
  'partitions' => NULL,
  'type' => 'system',
  'possible_keys' => NULL,
  'key' => NULL,
  'key_len' => NULL,
  'ref' => NULL,
  'rows' => 1,
  'filtered' => 100,
  'extra' => NULL,
) ]

---------------------------------------------------------------
