[ 2018-09-06T00:46:12+00:00 ] 127.0.0.1 127.0.0.1 GET /
[ log ] www.k.com/ [运行时间：0.240014s][吞吐率：4.17req/s] [内存消耗：213.30kb] [文件加载：11]
array (
  0 => 'D:\\wamp\\www\\y2\\index.php',
  1 => 'D:\\wamp\\www\\y2\\core\\Autoload.php',
  2 => 'D:\\wamp\\www\\y2\\core\\Common.php',
  3 => 'D:\\wamp\\www\\y2\\core\\Kite.php',
  4 => 'D:\\wamp\\www\\y2\\core\\Route.php',
  5 => 'D:\\wamp\\www\\y2\\Config.php',
  6 => 'D:\\wamp\\www\\y2\\project\\home\\index.php',
  7 => 'D:\\wamp\\www\\y2\\core\\Template.php',
  8 => 'D:\\wamp\\www\\y2\\core\\Db.php',
  9 => 'D:\\wamp\\www\\y2\\core\\Log.php',
  10 => 'D:\\wamp\\www\\y2\\runtime\\cache\\6a992d5529f459a44fee58c733255e86.php',
)
[ sql ] [ EXPLAIN : array (
  'id' => 1,
  'select_type' => 'SIMPLE',
  'table' => 'k_article',
  'partitions' => NULL,
  'type' => 'system',
  'possible_keys' => NULL,
  'key' => NULL,
  'key_len' => NULL,
  'ref' => NULL,
  'rows' => 1,
  'filtered' => 100,
  'extra' => NULL,
) ]

---------------------------------------------------------------
[ 2018-09-06T00:46:13+00:00 ] 127.0.0.1 127.0.0.1 GET /twitter.html
[ log ] www.k.com/twitter.html [运行时间：0.004000s][吞吐率：250.00req/s] [内存消耗：118.39kb] [文件加载：10]
array (
  0 => 'D:\\wamp\\www\\y2\\index.php',
  1 => 'D:\\wamp\\www\\y2\\core\\Autoload.php',
  2 => 'D:\\wamp\\www\\y2\\core\\Common.php',
  3 => 'D:\\wamp\\www\\y2\\core\\Kite.php',
  4 => 'D:\\wamp\\www\\y2\\core\\Route.php',
  5 => 'D:\\wamp\\www\\y2\\Config.php',
  6 => 'D:\\wamp\\www\\y2\\project\\home\\error.php',
  7 => 'D:\\wamp\\www\\y2\\core\\Template.php',
  8 => 'D:\\wamp\\www\\y2\\runtime\\cache\\cb5e100e5a9a3e7f6d1fd97512215282.php',
  9 => 'D:\\wamp\\www\\y2\\core\\Log.php',
)

---------------------------------------------------------------
